[INFO] - 2019-10-14 14:58:20 - Log File: /Users/ahsandar/gitlab/ultronex/tmp/new_relic.log
[INFO] - 2019-10-14 15:00:28 - Log File: /Users/ahsandar/gitlab/ultronex/tmp/new_relic.log
[INFO] - 2019-10-14 15:03:59 - Log File: /Users/ahsandar/gitlab/ultronex/tmp/new_relic.log
[INFO] - 2019-10-14 15:07:59 - Log File: /Users/ahsandar/gitlab/ultronex/tmp/new_relic.log
[INFO] - 2019-10-14 15:10:17 - Log File: /Users/ahsandar/gitlab/ultronex/tmp/new_relic.log
[INFO] - 2019-10-14 15:13:40 - Log File: /Users/ahsandar/gitlab/ultronex/tmp/new_relic.log
[INFO] - 2019-10-14 15:21:56 - Log File: /Users/ahsandar/gitlab/ultronex/tmp/new_relic.log
[INFO] - 2019-10-14 15:40:24 - Log File: /Users/ahsandar/gitlab/ultronex/tmp/new_relic.log
[INFO] - 2019-10-14 15:42:06 - Log File: /Users/ahsandar/gitlab/ultronex/tmp/new_relic.log
[INFO] - 2019-10-14 15:43:50 - Log File: /Users/ahsandar/gitlab/ultronex/tmp/new_relic.log
[INFO] - 2019-10-14 15:50:02 - Log File: /Users/ahsandar/gitlab/ultronex/tmp/new_relic.log
[INFO] - 2019-10-14 18:19:52 - Log File: /Users/ahsandar/gitlab/ultronex/tmp/new_relic.log
[INFO] - 2019-10-14 18:28:57 - Log File: /Users/ahsandar/gitlab/ultronex/tmp/new_relic.log
[INFO] - 2019-10-15 17:32:05 - Log File: /Users/ahsandar/gitlab/ultronex/tmp/new_relic.log
[INFO] - 2019-10-15 17:32:47 - Log File: /Users/ahsandar/gitlab/ultronex/tmp/new_relic.log
[INFO] - 2019-10-15 17:35:30 - Log File: /Users/ahsandar/gitlab/ultronex/tmp/new_relic.log
[INFO] - 2019-10-15 17:38:11 - Log File: /Users/ahsandar/gitlab/ultronex/tmp/new_relic.log
[INFO] - 2019-10-15 17:41:59 - Log File: /Users/ahsandar/gitlab/ultronex/tmp/new_relic.log
[INFO] - 2019-10-15 17:45:12 - Log File: /Users/ahsandar/gitlab/ultronex/tmp/new_relic.log
[INFO] - 2019-10-15 17:48:03 - Log File: /Users/ahsandar/gitlab/ultronex/tmp/new_relic.log
[INFO] - 2019-10-15 17:52:44 - Log File: /Users/ahsandar/gitlab/ultronex/tmp/new_relic.log
[INFO] - 2019-10-15 17:54:02 - Log File: /Users/ahsandar/gitlab/ultronex/tmp/new_relic.log
[INFO] - 2019-10-15 18:01:03 - Log File: /Users/ahsandar/gitlab/ultronex/tmp/new_relic.log
[INFO] - 2019-10-15 18:11:27 - Log File: /Users/ahsandar/gitlab/ultronex/tmp/new_relic.log
[INFO] - 2019-10-18 15:35:15 - Log File: /Users/ahsandar/gitlab/ultronex/tmp/new_relic.log
[INFO] - 2019-10-18 15:41:10 - Log File: /Users/ahsandar/gitlab/ultronex/tmp/new_relic.log
[INFO] - 2019-10-18 15:42:14 - Log File: /Users/ahsandar/gitlab/ultronex/tmp/new_relic.log
[INFO] - 2019-10-18 15:44:49 - Log File: /Users/ahsandar/gitlab/ultronex/tmp/new_relic.log
[INFO] - 2019-10-18 15:46:49 - Log File: /Users/ahsandar/gitlab/ultronex/tmp/new_relic.log
[INFO] - 2019-10-18 15:51:21 - Log File: /Users/ahsandar/gitlab/ultronex/tmp/new_relic.log
[INFO] - 2019-10-18 15:56:55 - Log File: /Users/ahsandar/gitlab/ultronex/tmp/new_relic.log
[INFO] - 2019-10-18 16:01:01 - Log File: /Users/ahsandar/gitlab/ultronex/tmp/new_relic.log
[INFO] - 2019-10-18 16:13:54 - Log File: /Users/ahsandar/gitlab/ultronex/tmp/new_relic.log
[INFO] - 2019-10-18 16:15:34 - Log File: /Users/ahsandar/gitlab/ultronex/tmp/new_relic.log
[INFO] - 2019-10-18 16:48:09 - Log File: /Users/ahsandar/gitlab/ultronex/tmp/new_relic.log
[INFO] - 2019-10-18 17:01:58 - Log File: /Users/ahsandar/gitlab/ultronex/tmp/new_relic.log
[INFO] - 2019-10-18 17:14:46 - Log File: /Users/ahsandar/gitlab/ultronex/tmp/new_relic.log
[INFO] - 2019-10-24 14:51:25 - Log File: /Users/ahsandar/gitlab/ultronex/tmp/new_relic.log
[INFO] - 2019-10-24 14:58:13 - Log File: /Users/ahsandar/gitlab/ultronex/tmp/new_relic.log
[INFO] - 2019-10-24 15:10:43 - Log File: /Users/ahsandar/gitlab/ultronex/tmp/new_relic.log
[INFO] - 2019-10-24 15:20:29 - Log File: /Users/ahsandar/gitlab/ultronex/tmp/new_relic.log
[INFO] - 2019-10-24 15:24:05 - Log File: /Users/ahsandar/gitlab/ultronex/tmp/new_relic.log
[INFO] - 2019-10-24 15:31:10 - Log File: /Users/ahsandar/gitlab/ultronex/tmp/new_relic.log
[INFO] - 2019-10-24 15:38:40 - Log File: /Users/ahsandar/gitlab/ultronex/tmp/new_relic.log
[INFO] - 2019-10-24 15:43:07 - Log File: /Users/ahsandar/gitlab/ultronex/tmp/new_relic.log
[INFO] - 2019-10-24 15:53:40 - Log File: /Users/ahsandar/gitlab/ultronex/tmp/new_relic.log
[INFO] - 2019-10-24 16:02:15 - Log File: /Users/ahsandar/gitlab/ultronex/tmp/new_relic.log
[INFO] - 2019-10-24 16:09:32 - Log File: /Users/ahsandar/gitlab/ultronex/tmp/new_relic.log
[INFO] - 2019-10-24 16:15:04 - Log File: /Users/ahsandar/gitlab/ultronex/tmp/new_relic.log
[INFO] - 2019-10-24 16:17:10 - Log File: /Users/ahsandar/gitlab/ultronex/tmp/new_relic.log
[INFO] - 2019-10-24 16:23:08 - Log File: /Users/ahsandar/gitlab/ultronex/tmp/new_relic.log
[INFO] - 2019-10-25 12:02:44 - Log File: /Users/ahsandar/gitlab/ultronex/tmp/new_relic.log
[INFO] - 2019-10-25 12:02:45 - Attempting graceful shutdown
[INFO] - 2019-10-25 12:04:14 - Log File: /Users/ahsandar/gitlab/ultronex/tmp/new_relic.log
[INFO] - 2019-10-25 12:04:16 - Attempting graceful shutdown
[INFO] - 2019-10-25 12:04:46 - Log File: /Users/ahsandar/gitlab/ultronex/tmp/new_relic.log
[INFO] - 2019-10-25 12:06:44 - Log File: /Users/ahsandar/gitlab/ultronex/tmp/new_relic.log
[INFO] - 2019-10-25 12:08:19 - Log File: /Users/ahsandar/gitlab/ultronex/tmp/new_relic.log
[INFO] - 2019-10-25 12:10:25 - Log File: /Users/ahsandar/gitlab/ultronex/tmp/new_relic.log
[INFO] - 2019-10-25 15:21:51 - Log File: /Users/ahsandar/gitlab/ultronex/tmp/new_relic.log
[INFO] - 2019-10-25 15:29:21 - Log File: /Users/ahsandar/gitlab/ultronex/tmp/new_relic.log
[INFO] - 2019-10-25 15:33:31 - Log File: /Users/ahsandar/gitlab/ultronex/tmp/new_relic.log
[INFO] - 2019-10-25 15:38:52 - Log File: /Users/ahsandar/gitlab/ultronex/tmp/new_relic.log
[INFO] - 2019-10-25 15:41:35 - Log File: /Users/ahsandar/gitlab/ultronex/tmp/new_relic.log
[INFO] - 2019-10-25 15:51:49 - Log File: /Users/ahsandar/gitlab/ultronex/tmp/new_relic.log
[INFO] - 2019-10-25 15:53:15 - Log File: /Users/ahsandar/gitlab/ultronex/tmp/new_relic.log
[INFO] - 2019-10-25 15:55:27 - Log File: /Users/ahsandar/gitlab/ultronex/tmp/new_relic.log
[INFO] - 2019-10-25 16:06:35 - Log File: /Users/ahsandar/gitlab/ultronex/tmp/new_relic.log
[INFO] - 2019-10-25 16:08:25 - Log File: /Users/ahsandar/gitlab/ultronex/tmp/new_relic.log
[INFO] - 2019-10-25 16:12:09 - Log File: /Users/ahsandar/gitlab/ultronex/tmp/new_relic.log
[INFO] - 2019-10-25 16:14:41 - Log File: /Users/ahsandar/gitlab/ultronex/tmp/new_relic.log
[INFO] - 2019-10-25 16:28:22 - Log File: /Users/ahsandar/gitlab/ultronex/tmp/new_relic.log
[INFO] - 2019-10-25 16:30:25 - Log File: /Users/ahsandar/gitlab/ultronex/tmp/new_relic.log
[INFO] - 2019-10-25 16:31:04 - Log File: /Users/ahsandar/gitlab/ultronex/tmp/new_relic.log
[INFO] - 2019-10-25 17:13:05 - Log File: /Users/ahsandar/gitlab/ultronex/tmp/new_relic.log
[INFO] - 2019-10-25 17:14:27 - Log File: /Users/ahsandar/gitlab/ultronex/tmp/new_relic.log
[INFO] - 2019-10-25 17:17:04 - Log File: /Users/ahsandar/gitlab/ultronex/tmp/new_relic.log
[INFO] - 2019-10-25 17:49:35 - Log File: /Users/ahsandar/gitlab/ultronex/tmp/new_relic.log
[INFO] - 2019-10-25 17:52:06 - Log File: /Users/ahsandar/gitlab/ultronex/tmp/new_relic.log
[INFO] - 2019-10-25 17:54:09 - Log File: /Users/ahsandar/gitlab/ultronex/tmp/new_relic.log
[INFO] - 2019-10-25 17:56:56 - Log File: /Users/ahsandar/gitlab/ultronex/tmp/new_relic.log
[INFO] - 2019-10-25 17:58:11 - Log File: /Users/ahsandar/gitlab/ultronex/tmp/new_relic.log
[INFO] - 2019-10-31 11:28:15 - Log File: /Users/ahsandar/gitlab/ultronex/tmp/new_relic.log
[INFO] - 2019-10-31 11:28:18 - Reporting to: https://rpm.newrelic.com/accounts/2425386/applications/440564920
[INFO] - 2019-10-31 11:28:58 - Attempting graceful shutdown
[DEBUG] - 2019-10-31 11:28:58 - Completed Span Event harvest - size: 0
[WARN] - 2019-10-31 11:28:58 - Completed shutdown NewRelic.Harvest.Collector.SpanEvent.HarvestCycle
[DEBUG] - 2019-10-31 11:28:59 - Completed Metric harvest - size: 5
[WARN] - 2019-10-31 11:28:59 - Completed shutdown NewRelic.Harvest.Collector.Metric.HarvestCycle
[DEBUG] - 2019-10-31 11:28:59 - Completed Error Event harvest - size: 3
[WARN] - 2019-10-31 11:28:59 - Completed shutdown NewRelic.Harvest.Collector.TransactionErrorEvent.HarvestCycle
[DEBUG] - 2019-10-31 11:28:59 - Completed Custom Event harvest - size: 36
[WARN] - 2019-10-31 11:28:59 - Completed shutdown NewRelic.Harvest.Collector.CustomEvent.HarvestCycle
[DEBUG] - 2019-10-31 11:28:59 - Completed Transaction Event harvest - size: 0
[WARN] - 2019-10-31 11:28:59 - Completed shutdown NewRelic.Harvest.Collector.TransactionEvent.HarvestCycle
[DEBUG] - 2019-10-31 11:28:59 - Completed Error Trace harvest - size: 3
[WARN] - 2019-10-31 11:28:59 - Completed shutdown NewRelic.Harvest.Collector.ErrorTrace.HarvestCycle
[DEBUG] - 2019-10-31 11:29:00 - Completed Transaction Trace harvest - size: 0
[INFO] - 2019-10-31 11:41:35 - Log File: /Users/ahsandar/gitlab/ultronex/tmp/new_relic.log
[INFO] - 2019-10-31 11:41:38 - Reporting to: https://rpm.newrelic.com/accounts/2425386/applications/440564920
[DEBUG] - 2019-10-31 11:42:36 - Completed Error Event harvest - size: 0
[DEBUG] - 2019-10-31 11:42:36 - Completed Span Event harvest - size: 0
[DEBUG] - 2019-10-31 11:42:36 - Completed Metric harvest - size: 2
[DEBUG] - 2019-10-31 11:42:36 - Completed Transaction Event harvest - size: 0
[DEBUG] - 2019-10-31 11:42:36 - Completed Error Trace harvest - size: 0
[DEBUG] - 2019-10-31 11:42:36 - Completed Custom Event harvest - size: 50
[DEBUG] - 2019-10-31 11:42:37 - Completed Transaction Trace harvest - size: 0
[DEBUG] - 2019-10-31 11:43:36 - Completed Error Event harvest - size: 2
[DEBUG] - 2019-10-31 11:43:36 - Completed Span Event harvest - size: 0
[DEBUG] - 2019-10-31 11:43:36 - Completed Transaction Event harvest - size: 0
[DEBUG] - 2019-10-31 11:43:36 - Completed Metric harvest - size: 14
[DEBUG] - 2019-10-31 11:43:36 - Completed Transaction Trace harvest - size: 0
[DEBUG] - 2019-10-31 11:43:36 - Completed Custom Event harvest - size: 54
[DEBUG] - 2019-10-31 11:43:36 - Completed Error Trace harvest - size: 2
[INFO] - 2019-10-31 11:45:11 - Log File: /Users/ahsandar/gitlab/ultronex/tmp/new_relic.log
[INFO] - 2019-10-31 11:45:13 - Reporting to: https://rpm.newrelic.com/accounts/2425386/applications/440564920
[DEBUG] - 2019-10-31 11:46:11 - Completed Metric harvest - size: 2
[DEBUG] - 2019-10-31 11:46:11 - Completed Transaction Trace harvest - size: 0
[DEBUG] - 2019-10-31 11:46:12 - Completed Error Trace harvest - size: 0
[DEBUG] - 2019-10-31 11:46:12 - Completed Error Event harvest - size: 0
[DEBUG] - 2019-10-31 11:46:12 - Completed Custom Event harvest - size: 51
[DEBUG] - 2019-10-31 11:46:12 - Completed Transaction Event harvest - size: 0
[DEBUG] - 2019-10-31 11:46:12 - Completed Span Event harvest - size: 0
[INFO] - 2019-10-31 11:54:53 - Log File: /Users/ahsandar/gitlab/ultronex/tmp/new_relic.log
[INFO] - 2019-10-31 11:54:56 - Reporting to: https://rpm.newrelic.com/accounts/2425386/applications/440564920
[DEBUG] - 2019-10-31 11:55:53 - Completed Transaction Trace harvest - size: 0
[DEBUG] - 2019-10-31 11:55:54 - Completed Error Trace harvest - size: 0
[DEBUG] - 2019-10-31 11:55:54 - Completed Span Event harvest - size: 0
[DEBUG] - 2019-10-31 11:55:54 - Completed Metric harvest - size: 2
[DEBUG] - 2019-10-31 11:55:54 - Completed Custom Event harvest - size: 51
[DEBUG] - 2019-10-31 11:55:54 - Completed Error Event harvest - size: 0
[DEBUG] - 2019-10-31 11:55:55 - Completed Transaction Event harvest - size: 0
[INFO] - 2019-10-31 12:00:41 - Log File: /Users/ahsandar/gitlab/ultronex/tmp/new_relic.log
[INFO] - 2019-10-31 12:00:43 - Reporting to: https://rpm.newrelic.com/accounts/2425386/applications/440564920
[INFO] - 2019-10-31 12:07:31 - Log File: /Users/ahsandar/gitlab/ultronex/tmp/new_relic.log
[INFO] - 2019-10-31 12:07:33 - Reporting to: https://rpm.newrelic.com/accounts/2425386/applications/440564920
[DEBUG] - 2019-10-31 12:08:31 - Completed Metric harvest - size: 2
[DEBUG] - 2019-10-31 12:08:31 - Completed Transaction Trace harvest - size: 0
[DEBUG] - 2019-10-31 12:08:31 - Completed Error Trace harvest - size: 0
[DEBUG] - 2019-10-31 12:08:31 - Completed Error Event harvest - size: 0
[DEBUG] - 2019-10-31 12:08:31 - Completed Custom Event harvest - size: 51
[DEBUG] - 2019-10-31 12:08:32 - Completed Transaction Event harvest - size: 0
[DEBUG] - 2019-10-31 12:08:32 - Completed Span Event harvest - size: 0
[INFO] - 2019-10-31 14:51:08 - Log File: /Users/ahsandar/gitlab/ultronex/tmp/new_relic.log
[INFO] - 2019-10-31 14:51:10 - Reporting to: https://rpm.newrelic.com/accounts/2425386/applications/440564920
[INFO] - 2019-10-31 14:55:58 - Log File: /Users/ahsandar/gitlab/ultronex/tmp/new_relic.log
[INFO] - 2019-10-31 14:56:00 - Reporting to: https://rpm.newrelic.com/accounts/2425386/applications/440564920
[DEBUG] - 2019-10-31 14:56:58 - Completed Metric harvest - size: 5
[DEBUG] - 2019-10-31 14:56:59 - Completed Transaction Trace harvest - size: 0
[DEBUG] - 2019-10-31 14:56:59 - Completed Transaction Event harvest - size: 0
[DEBUG] - 2019-10-31 14:56:59 - Completed Error Event harvest - size: 2
[DEBUG] - 2019-10-31 14:56:59 - Completed Custom Event harvest - size: 50
[DEBUG] - 2019-10-31 14:56:59 - Completed Span Event harvest - size: 0
[DEBUG] - 2019-10-31 14:56:59 - Completed Error Trace harvest - size: 2
[INFO] - 2019-10-31 14:58:57 - Log File: /Users/ahsandar/gitlab/ultronex/tmp/new_relic.log
[INFO] - 2019-10-31 14:58:59 - Reporting to: https://rpm.newrelic.com/accounts/2425386/applications/440564920
[DEBUG] - 2019-10-31 14:59:57 - Completed Metric harvest - size: 5
[DEBUG] - 2019-10-31 14:59:57 - Completed Error Trace harvest - size: 2
[DEBUG] - 2019-10-31 14:59:58 - Completed Span Event harvest - size: 0
[DEBUG] - 2019-10-31 14:59:58 - Completed Transaction Trace harvest - size: 0
[DEBUG] - 2019-10-31 14:59:58 - Completed Custom Event harvest - size: 47
[DEBUG] - 2019-10-31 14:59:58 - Completed Transaction Event harvest - size: 0
[DEBUG] - 2019-10-31 14:59:59 - Completed Error Event harvest - size: 2
[INFO] - 2019-10-31 15:00:53 - Log File: /Users/ahsandar/gitlab/ultronex/tmp/new_relic.log
[INFO] - 2019-10-31 15:00:55 - Reporting to: https://rpm.newrelic.com/accounts/2425386/applications/440564920
[INFO] - 2019-10-31 15:15:34 - Log File: /Users/ahsandar/gitlab/ultronex/tmp/new_relic.log
[INFO] - 2019-10-31 15:15:37 - Reporting to: https://rpm.newrelic.com/accounts/2425386/applications/440564920
[INFO] - 2019-10-31 15:22:49 - Log File: /Users/ahsandar/gitlab/ultronex/tmp/new_relic.log
[INFO] - 2019-10-31 15:22:51 - Reporting to: https://rpm.newrelic.com/accounts/2425386/applications/440564920
[DEBUG] - 2019-10-31 15:23:49 - Completed Metric harvest - size: 5
[DEBUG] - 2019-10-31 15:23:50 - Completed Error Trace harvest - size: 2
[DEBUG] - 2019-10-31 15:23:50 - Completed Transaction Trace harvest - size: 0
[DEBUG] - 2019-10-31 15:23:50 - Completed Custom Event harvest - size: 50
[DEBUG] - 2019-10-31 15:23:50 - Completed Error Event harvest - size: 2
[DEBUG] - 2019-10-31 15:23:50 - Completed Transaction Event harvest - size: 0
[DEBUG] - 2019-10-31 15:23:51 - Completed Span Event harvest - size: 0
[DEBUG] - 2019-10-31 15:24:49 - Completed Metric harvest - size: 14
[DEBUG] - 2019-10-31 15:24:49 - Completed Transaction Trace harvest - size: 0
[DEBUG] - 2019-10-31 15:24:50 - Completed Transaction Event harvest - size: 0
[DEBUG] - 2019-10-31 15:24:50 - Completed Error Trace harvest - size: 1
[DEBUG] - 2019-10-31 15:24:50 - Completed Error Event harvest - size: 1
[DEBUG] - 2019-10-31 15:24:50 - Completed Span Event harvest - size: 0
[DEBUG] - 2019-10-31 15:24:50 - Completed Custom Event harvest - size: 55
[INFO] - 2019-10-31 15:26:16 - Log File: /Users/ahsandar/gitlab/ultronex/tmp/new_relic.log
[INFO] - 2019-10-31 15:26:18 - Reporting to: https://rpm.newrelic.com/accounts/2425386/applications/440564920
[DEBUG] - 2019-10-31 15:27:16 - Completed Metric harvest - size: 5
[DEBUG] - 2019-10-31 15:27:17 - Completed Transaction Trace harvest - size: 0
[DEBUG] - 2019-10-31 15:27:17 - Completed Error Trace harvest - size: 2
[DEBUG] - 2019-10-31 15:27:17 - Completed Error Event harvest - size: 2
[DEBUG] - 2019-10-31 15:27:17 - Completed Custom Event harvest - size: 49
[DEBUG] - 2019-10-31 15:27:17 - Completed Transaction Event harvest - size: 0
[DEBUG] - 2019-10-31 15:27:17 - Completed Span Event harvest - size: 0
[INFO] - 2019-10-31 15:28:54 - Log File: /Users/ahsandar/gitlab/ultronex/tmp/new_relic.log
[INFO] - 2019-10-31 15:28:57 - Reporting to: https://rpm.newrelic.com/accounts/2425386/applications/440564920
[DEBUG] - 2019-10-31 15:29:54 - Completed Metric harvest - size: 2
[DEBUG] - 2019-10-31 15:29:55 - Completed Transaction Trace harvest - size: 0
[DEBUG] - 2019-10-31 15:29:55 - Completed Error Trace harvest - size: 0
[DEBUG] - 2019-10-31 15:29:55 - Completed Transaction Event harvest - size: 0
[DEBUG] - 2019-10-31 15:29:55 - Completed Custom Event harvest - size: 51
[DEBUG] - 2019-10-31 15:29:55 - Completed Error Event harvest - size: 0
[DEBUG] - 2019-10-31 15:29:56 - Completed Span Event harvest - size: 0
[DEBUG] - 2019-10-31 15:30:54 - Completed Transaction Trace harvest - size: 0
[DEBUG] - 2019-10-31 15:30:54 - Completed Metric harvest - size: 11
[DEBUG] - 2019-10-31 15:30:55 - Completed Error Trace harvest - size: 0
[DEBUG] - 2019-10-31 15:30:55 - Completed Transaction Event harvest - size: 0
[DEBUG] - 2019-10-31 15:30:55 - Completed Span Event harvest - size: 0
[DEBUG] - 2019-10-31 15:30:55 - Completed Error Event harvest - size: 0
[DEBUG] - 2019-10-31 15:30:55 - Completed Custom Event harvest - size: 56
[INFO] - 2019-10-31 15:33:01 - Log File: /Users/ahsandar/gitlab/ultronex/tmp/new_relic.log
[INFO] - 2019-10-31 15:33:03 - Reporting to: https://rpm.newrelic.com/accounts/2425386/applications/440564920
[DEBUG] - 2019-10-31 15:34:01 - Completed Metric harvest - size: 5
[DEBUG] - 2019-10-31 15:34:01 - Completed Transaction Trace harvest - size: 0
[DEBUG] - 2019-10-31 15:34:02 - Completed Error Trace harvest - size: 1
[DEBUG] - 2019-10-31 15:34:02 - Completed Error Event harvest - size: 1
[DEBUG] - 2019-10-31 15:34:02 - Completed Custom Event harvest - size: 50
[DEBUG] - 2019-10-31 15:34:02 - Completed Span Event harvest - size: 0
[DEBUG] - 2019-10-31 15:34:02 - Completed Transaction Event harvest - size: 0
[DEBUG] - 2019-10-31 15:35:01 - Completed Error Trace harvest - size: 0
[DEBUG] - 2019-10-31 15:35:01 - Completed Metric harvest - size: 11
[DEBUG] - 2019-10-31 15:35:01 - Completed Span Event harvest - size: 0
[DEBUG] - 2019-10-31 15:35:01 - Completed Transaction Trace harvest - size: 0
[DEBUG] - 2019-10-31 15:35:02 - Completed Transaction Event harvest - size: 0
[DEBUG] - 2019-10-31 15:35:02 - Completed Error Event harvest - size: 0
[DEBUG] - 2019-10-31 15:35:02 - Completed Custom Event harvest - size: 56
[DEBUG] - 2019-10-31 15:36:01 - Completed Transaction Trace harvest - size: 0
[DEBUG] - 2019-10-31 15:36:01 - Completed Metric harvest - size: 11
[DEBUG] - 2019-10-31 15:36:01 - Completed Error Event harvest - size: 0
[DEBUG] - 2019-10-31 15:36:01 - Completed Error Trace harvest - size: 0
[DEBUG] - 2019-10-31 15:36:02 - Completed Span Event harvest - size: 0
[DEBUG] - 2019-10-31 15:36:02 - Completed Transaction Event harvest - size: 0
[DEBUG] - 2019-10-31 15:36:02 - Completed Custom Event harvest - size: 56
[DEBUG] - 2019-10-31 15:37:01 - Completed Transaction Trace harvest - size: 0
[DEBUG] - 2019-10-31 15:37:01 - Completed Metric harvest - size: 11
[DEBUG] - 2019-10-31 15:37:01 - Completed Error Event harvest - size: 0
[DEBUG] - 2019-10-31 15:37:01 - Completed Error Trace harvest - size: 0
[DEBUG] - 2019-10-31 15:37:02 - Completed Span Event harvest - size: 0
[DEBUG] - 2019-10-31 15:37:02 - Completed Transaction Event harvest - size: 0
[DEBUG] - 2019-10-31 15:37:02 - Completed Custom Event harvest - size: 56
[DEBUG] - 2019-10-31 15:38:01 - Completed Transaction Trace harvest - size: 0
[DEBUG] - 2019-10-31 15:38:01 - Completed Metric harvest - size: 11
[DEBUG] - 2019-10-31 15:38:01 - Completed Error Event harvest - size: 0
[DEBUG] - 2019-10-31 15:38:01 - Completed Error Trace harvest - size: 0
[DEBUG] - 2019-10-31 15:38:02 - Completed Span Event harvest - size: 0
[DEBUG] - 2019-10-31 15:38:02 - Completed Transaction Event harvest - size: 0
[DEBUG] - 2019-10-31 15:38:02 - Completed Custom Event harvest - size: 55
[DEBUG] - 2019-10-31 15:39:01 - Completed Error Trace harvest - size: 0
[DEBUG] - 2019-10-31 15:39:01 - Completed Transaction Trace harvest - size: 0
[DEBUG] - 2019-10-31 15:39:01 - Completed Error Event harvest - size: 0
[DEBUG] - 2019-10-31 15:39:01 - Completed Metric harvest - size: 11
[DEBUG] - 2019-10-31 15:39:02 - Completed Span Event harvest - size: 0
[DEBUG] - 2019-10-31 15:39:02 - Completed Transaction Event harvest - size: 0
[DEBUG] - 2019-10-31 15:39:02 - Completed Custom Event harvest - size: 56
[DEBUG] - 2019-10-31 15:40:01 - Completed Error Trace harvest - size: 0
[DEBUG] - 2019-10-31 15:40:01 - Completed Transaction Trace harvest - size: 0
[DEBUG] - 2019-10-31 15:40:01 - Completed Error Event harvest - size: 0
[DEBUG] - 2019-10-31 15:40:01 - Completed Metric harvest - size: 11
[DEBUG] - 2019-10-31 15:40:02 - Completed Transaction Event harvest - size: 0
[DEBUG] - 2019-10-31 15:40:02 - Completed Span Event harvest - size: 0
[DEBUG] - 2019-10-31 15:40:02 - Completed Custom Event harvest - size: 56
[DEBUG] - 2019-10-31 15:41:01 - Completed Transaction Trace harvest - size: 0
[DEBUG] - 2019-10-31 15:41:01 - Completed Metric harvest - size: 11
[DEBUG] - 2019-10-31 15:41:01 - Completed Span Event harvest - size: 0
[DEBUG] - 2019-10-31 15:41:01 - Completed Error Trace harvest - size: 0
[DEBUG] - 2019-10-31 15:41:02 - Completed Transaction Event harvest - size: 0
[DEBUG] - 2019-10-31 15:41:02 - Completed Error Event harvest - size: 0
[DEBUG] - 2019-10-31 15:41:02 - Completed Custom Event harvest - size: 56
[DEBUG] - 2019-10-31 15:42:01 - Completed Error Trace harvest - size: 0
[DEBUG] - 2019-10-31 15:42:01 - Completed Transaction Trace harvest - size: 0
[DEBUG] - 2019-10-31 15:42:01 - Completed Transaction Event harvest - size: 0
[DEBUG] - 2019-10-31 15:42:01 - Completed Metric harvest - size: 11
[DEBUG] - 2019-10-31 15:42:02 - Completed Span Event harvest - size: 0
[DEBUG] - 2019-10-31 15:42:02 - Completed Error Event harvest - size: 0
[DEBUG] - 2019-10-31 15:42:02 - Completed Custom Event harvest - size: 56
[DEBUG] - 2019-10-31 15:43:01 - Completed Transaction Trace harvest - size: 0
[DEBUG] - 2019-10-31 15:43:01 - Completed Metric harvest - size: 11
[DEBUG] - 2019-10-31 15:43:01 - Completed Error Event harvest - size: 0
[DEBUG] - 2019-10-31 15:43:01 - Completed Error Trace harvest - size: 0
[DEBUG] - 2019-10-31 15:43:02 - Completed Span Event harvest - size: 0
[DEBUG] - 2019-10-31 15:43:02 - Completed Transaction Event harvest - size: 0
[DEBUG] - 2019-10-31 15:43:02 - Completed Custom Event harvest - size: 56
[DEBUG] - 2019-10-31 15:44:01 - Completed Transaction Trace harvest - size: 0
[DEBUG] - 2019-10-31 15:44:01 - Completed Metric harvest - size: 11
[DEBUG] - 2019-10-31 15:44:01 - Completed Error Event harvest - size: 0
[DEBUG] - 2019-10-31 15:44:01 - Completed Error Trace harvest - size: 0
[DEBUG] - 2019-10-31 15:44:02 - Completed Transaction Event harvest - size: 0
[DEBUG] - 2019-10-31 15:44:02 - Completed Span Event harvest - size: 0
[DEBUG] - 2019-10-31 15:44:02 - Completed Custom Event harvest - size: 56
[DEBUG] - 2019-10-31 15:45:01 - Completed Error Trace harvest - size: 0
[DEBUG] - 2019-10-31 15:45:01 - Completed Metric harvest - size: 11
[DEBUG] - 2019-10-31 15:45:01 - Completed Span Event harvest - size: 0
[DEBUG] - 2019-10-31 15:45:01 - Completed Transaction Trace harvest - size: 0
[DEBUG] - 2019-10-31 15:45:02 - Completed Transaction Event harvest - size: 0
[DEBUG] - 2019-10-31 15:45:02 - Completed Error Event harvest - size: 0
[DEBUG] - 2019-10-31 15:45:02 - Completed Custom Event harvest - size: 56
[DEBUG] - 2019-10-31 15:46:01 - Completed Metric harvest - size: 11
[DEBUG] - 2019-10-31 15:46:01 - Completed Error Trace harvest - size: 0
[DEBUG] - 2019-10-31 15:46:01 - Completed Error Event harvest - size: 0
[DEBUG] - 2019-10-31 15:46:01 - Completed Transaction Trace harvest - size: 0
[DEBUG] - 2019-10-31 15:46:02 - Completed Span Event harvest - size: 0
[DEBUG] - 2019-10-31 15:46:02 - Completed Transaction Event harvest - size: 0
[DEBUG] - 2019-10-31 15:46:02 - Completed Custom Event harvest - size: 56
[DEBUG] - 2019-10-31 15:47:01 - Completed Metric harvest - size: 11
[DEBUG] - 2019-10-31 15:47:01 - Completed Error Trace harvest - size: 0
[DEBUG] - 2019-10-31 15:47:01 - Completed Error Event harvest - size: 0
[DEBUG] - 2019-10-31 15:47:01 - Completed Transaction Trace harvest - size: 0
[DEBUG] - 2019-10-31 15:47:02 - Completed Span Event harvest - size: 0
[DEBUG] - 2019-10-31 15:47:02 - Completed Transaction Event harvest - size: 0
[DEBUG] - 2019-10-31 15:47:02 - Completed Custom Event harvest - size: 56
[INFO] - 2019-10-31 15:49:17 - Log File: /Users/ahsandar/gitlab/ultronex/tmp/new_relic.log
[INFO] - 2019-10-31 15:49:19 - Reporting to: https://rpm.newrelic.com/accounts/2425386/applications/440564920
[DEBUG] - 2019-10-31 15:50:17 - Completed Metric harvest - size: 2
[DEBUG] - 2019-10-31 15:50:18 - Completed Transaction Trace harvest - size: 0
[DEBUG] - 2019-10-31 15:50:18 - Completed Error Trace harvest - size: 0
[DEBUG] - 2019-10-31 15:50:18 - Completed Error Event harvest - size: 0
[DEBUG] - 2019-10-31 15:50:18 - Completed Custom Event harvest - size: 51
[DEBUG] - 2019-10-31 15:50:18 - Completed Span Event harvest - size: 0
[DEBUG] - 2019-10-31 15:50:19 - Completed Transaction Event harvest - size: 0
[INFO] - 2019-10-31 15:51:17 - Log File: /Users/ahsandar/gitlab/ultronex/tmp/new_relic.log
[INFO] - 2019-10-31 15:51:19 - Reporting to: https://rpm.newrelic.com/accounts/2425386/applications/440564920
[DEBUG] - 2019-10-31 15:52:17 - Completed Metric harvest - size: 5
[DEBUG] - 2019-10-31 15:52:17 - Completed Transaction Trace harvest - size: 0
[DEBUG] - 2019-10-31 15:52:17 - Completed Error Trace harvest - size: 2
[DEBUG] - 2019-10-31 15:52:18 - Completed Custom Event harvest - size: 50
[DEBUG] - 2019-10-31 15:52:18 - Completed Transaction Event harvest - size: 0
[DEBUG] - 2019-10-31 15:52:18 - Completed Span Event harvest - size: 0
[DEBUG] - 2019-10-31 15:52:18 - Completed Error Event harvest - size: 2
[DEBUG] - 2019-10-31 15:53:17 - Completed Transaction Trace harvest - size: 0
[DEBUG] - 2019-10-31 15:53:17 - Completed Metric harvest - size: 14
[DEBUG] - 2019-10-31 15:53:17 - Completed Error Trace harvest - size: 2
[DEBUG] - 2019-10-31 15:53:17 - Completed Transaction Event harvest - size: 0
[DEBUG] - 2019-10-31 15:53:17 - Completed Span Event harvest - size: 0
[DEBUG] - 2019-10-31 15:53:17 - Completed Error Event harvest - size: 2
[DEBUG] - 2019-10-31 15:53:18 - Completed Custom Event harvest - size: 55
[DEBUG] - 2019-10-31 15:54:17 - Completed Transaction Trace harvest - size: 0
[DEBUG] - 2019-10-31 15:54:17 - Completed Metric harvest - size: 11
[DEBUG] - 2019-10-31 15:54:17 - Completed Error Trace harvest - size: 0
[DEBUG] - 2019-10-31 15:54:17 - Completed Transaction Event harvest - size: 0
[DEBUG] - 2019-10-31 15:54:17 - Completed Span Event harvest - size: 0
[DEBUG] - 2019-10-31 15:54:17 - Completed Error Event harvest - size: 0
[DEBUG] - 2019-10-31 15:54:18 - Completed Custom Event harvest - size: 55
[DEBUG] - 2019-10-31 15:55:17 - Completed Transaction Trace harvest - size: 0
[DEBUG] - 2019-10-31 15:55:17 - Completed Metric harvest - size: 11
[DEBUG] - 2019-10-31 15:55:17 - Completed Error Trace harvest - size: 0
[DEBUG] - 2019-10-31 15:55:17 - Completed Transaction Event harvest - size: 0
[DEBUG] - 2019-10-31 15:55:17 - Completed Custom Event harvest - size: 56
[DEBUG] - 2019-10-31 15:55:17 - Completed Error Event harvest - size: 0
[DEBUG] - 2019-10-31 15:55:18 - Completed Span Event harvest - size: 0
[DEBUG] - 2019-10-31 15:56:17 - Completed Transaction Trace harvest - size: 0
[DEBUG] - 2019-10-31 15:56:17 - Completed Metric harvest - size: 11
[DEBUG] - 2019-10-31 15:56:17 - Completed Error Event harvest - size: 0
[DEBUG] - 2019-10-31 15:56:17 - Completed Error Trace harvest - size: 0
[DEBUG] - 2019-10-31 15:56:17 - Completed Custom Event harvest - size: 55
[DEBUG] - 2019-10-31 15:56:17 - Completed Transaction Event harvest - size: 0
[DEBUG] - 2019-10-31 15:56:18 - Completed Span Event harvest - size: 0
[DEBUG] - 2019-10-31 15:57:17 - Completed Transaction Trace harvest - size: 0
[DEBUG] - 2019-10-31 15:57:17 - Completed Metric harvest - size: 11
[DEBUG] - 2019-10-31 15:57:17 - Completed Transaction Event harvest - size: 0
[DEBUG] - 2019-10-31 15:57:17 - Completed Error Event harvest - size: 0
[DEBUG] - 2019-10-31 15:57:17 - Completed Custom Event harvest - size: 56
[DEBUG] - 2019-10-31 15:57:17 - Completed Error Trace harvest - size: 0
[DEBUG] - 2019-10-31 15:57:18 - Completed Span Event harvest - size: 0
[DEBUG] - 2019-10-31 15:58:17 - Completed Transaction Trace harvest - size: 0
[DEBUG] - 2019-10-31 15:58:17 - Completed Metric harvest - size: 11
[DEBUG] - 2019-10-31 15:58:17 - Completed Error Event harvest - size: 0
[DEBUG] - 2019-10-31 15:58:17 - Completed Error Trace harvest - size: 0
[DEBUG] - 2019-10-31 15:58:17 - Completed Custom Event harvest - size: 56
[DEBUG] - 2019-10-31 15:58:17 - Completed Transaction Event harvest - size: 0
[DEBUG] - 2019-10-31 15:58:18 - Completed Span Event harvest - size: 0
[DEBUG] - 2019-10-31 15:59:17 - Completed Transaction Trace harvest - size: 0
[DEBUG] - 2019-10-31 15:59:17 - Completed Metric harvest - size: 11
[DEBUG] - 2019-10-31 15:59:17 - Completed Transaction Event harvest - size: 0
[DEBUG] - 2019-10-31 15:59:17 - Completed Error Trace harvest - size: 0
[DEBUG] - 2019-10-31 15:59:17 - Completed Custom Event harvest - size: 56
[DEBUG] - 2019-10-31 15:59:17 - Completed Error Event harvest - size: 0
[DEBUG] - 2019-10-31 15:59:18 - Completed Span Event harvest - size: 0
[DEBUG] - 2019-10-31 16:00:17 - Completed Transaction Trace harvest - size: 0
[DEBUG] - 2019-10-31 16:00:17 - Completed Metric harvest - size: 11
[DEBUG] - 2019-10-31 16:00:17 - Completed Error Trace harvest - size: 0
[DEBUG] - 2019-10-31 16:00:17 - Completed Transaction Event harvest - size: 0
[DEBUG] - 2019-10-31 16:00:17 - Completed Custom Event harvest - size: 56
[DEBUG] - 2019-10-31 16:00:17 - Completed Error Event harvest - size: 0
[DEBUG] - 2019-10-31 16:00:18 - Completed Span Event harvest - size: 0
[DEBUG] - 2019-10-31 16:01:17 - Completed Transaction Trace harvest - size: 0
[DEBUG] - 2019-10-31 16:01:17 - Completed Metric harvest - size: 11
[DEBUG] - 2019-10-31 16:01:17 - Completed Error Trace harvest - size: 0
[DEBUG] - 2019-10-31 16:01:17 - Completed Error Event harvest - size: 0
[DEBUG] - 2019-10-31 16:01:17 - Completed Custom Event harvest - size: 56
[DEBUG] - 2019-10-31 16:01:17 - Completed Transaction Event harvest - size: 0
[DEBUG] - 2019-10-31 16:01:18 - Completed Span Event harvest - size: 0
[DEBUG] - 2019-10-31 16:02:17 - Completed Transaction Trace harvest - size: 0
[DEBUG] - 2019-10-31 16:02:17 - Completed Metric harvest - size: 11
[DEBUG] - 2019-10-31 16:02:17 - Completed Error Trace harvest - size: 0
[DEBUG] - 2019-10-31 16:02:17 - Completed Error Event harvest - size: 0
[DEBUG] - 2019-10-31 16:02:17 - Completed Custom Event harvest - size: 56
[DEBUG] - 2019-10-31 16:02:17 - Completed Transaction Event harvest - size: 0
[DEBUG] - 2019-10-31 16:02:18 - Completed Span Event harvest - size: 0
[DEBUG] - 2019-10-31 16:03:17 - Completed Metric harvest - size: 11
[DEBUG] - 2019-10-31 16:03:17 - Completed Transaction Trace harvest - size: 0
[DEBUG] - 2019-10-31 16:03:17 - Completed Error Trace harvest - size: 0
[DEBUG] - 2019-10-31 16:03:17 - Completed Error Event harvest - size: 0
[DEBUG] - 2019-10-31 16:03:17 - Completed Custom Event harvest - size: 56
[DEBUG] - 2019-10-31 16:03:17 - Completed Transaction Event harvest - size: 0
[DEBUG] - 2019-10-31 16:03:18 - Completed Span Event harvest - size: 0
[DEBUG] - 2019-10-31 16:04:17 - Completed Metric harvest - size: 11
[DEBUG] - 2019-10-31 16:04:17 - Completed Transaction Trace harvest - size: 0
[DEBUG] - 2019-10-31 16:04:17 - Completed Error Trace harvest - size: 0
[DEBUG] - 2019-10-31 16:04:17 - Completed Error Event harvest - size: 0
[DEBUG] - 2019-10-31 16:04:17 - Completed Custom Event harvest - size: 56
[DEBUG] - 2019-10-31 16:04:17 - Completed Transaction Event harvest - size: 0
[DEBUG] - 2019-10-31 16:04:18 - Completed Span Event harvest - size: 0
[DEBUG] - 2019-10-31 16:05:17 - Completed Metric harvest - size: 11
[DEBUG] - 2019-10-31 16:05:17 - Completed Transaction Trace harvest - size: 0
[DEBUG] - 2019-10-31 16:05:17 - Completed Error Event harvest - size: 0
[DEBUG] - 2019-10-31 16:05:17 - Completed Error Trace harvest - size: 0
[DEBUG] - 2019-10-31 16:05:17 - Completed Custom Event harvest - size: 56
[DEBUG] - 2019-10-31 16:05:17 - Completed Transaction Event harvest - size: 0
[DEBUG] - 2019-10-31 16:05:18 - Completed Span Event harvest - size: 0
[DEBUG] - 2019-10-31 16:06:17 - Completed Transaction Trace harvest - size: 0
[DEBUG] - 2019-10-31 16:06:17 - Completed Metric harvest - size: 11
[DEBUG] - 2019-10-31 16:06:17 - Completed Error Event harvest - size: 0
[DEBUG] - 2019-10-31 16:06:17 - Completed Error Trace harvest - size: 0
[DEBUG] - 2019-10-31 16:06:17 - Completed Span Event harvest - size: 0
[DEBUG] - 2019-10-31 16:06:17 - Completed Transaction Event harvest - size: 0
[DEBUG] - 2019-10-31 16:06:18 - Completed Custom Event harvest - size: 56
[DEBUG] - 2019-10-31 16:07:17 - Completed Error Event harvest - size: 0
[DEBUG] - 2019-10-31 16:07:17 - Completed Transaction Event harvest - size: 0
[DEBUG] - 2019-10-31 16:07:17 - Completed Transaction Trace harvest - size: 0
[DEBUG] - 2019-10-31 16:07:17 - Completed Error Trace harvest - size: 0
[DEBUG] - 2019-10-31 16:07:17 - Completed Span Event harvest - size: 0
[DEBUG] - 2019-10-31 16:07:17 - Completed Metric harvest - size: 11
[DEBUG] - 2019-10-31 16:07:18 - Completed Custom Event harvest - size: 56
[DEBUG] - 2019-10-31 16:08:17 - Completed Error Event harvest - size: 0
[DEBUG] - 2019-10-31 16:08:17 - Completed Transaction Event harvest - size: 0
[DEBUG] - 2019-10-31 16:08:17 - Completed Transaction Trace harvest - size: 0
[DEBUG] - 2019-10-31 16:08:17 - Completed Error Trace harvest - size: 0
[DEBUG] - 2019-10-31 16:08:17 - Completed Span Event harvest - size: 0
[DEBUG] - 2019-10-31 16:08:17 - Completed Metric harvest - size: 11
[DEBUG] - 2019-10-31 16:08:18 - Completed Custom Event harvest - size: 56
[INFO] - 2019-10-31 16:09:29 - Log File: /Users/ahsandar/gitlab/ultronex/tmp/new_relic.log
[INFO] - 2019-10-31 16:09:32 - Reporting to: https://rpm.newrelic.com/accounts/2425386/applications/440564920
[DEBUG] - 2019-10-31 16:10:29 - Completed Metric harvest - size: 5
[DEBUG] - 2019-10-31 16:10:30 - Completed Transaction Trace harvest - size: 0
[DEBUG] - 2019-10-31 16:10:30 - Completed Error Trace harvest - size: 1
[DEBUG] - 2019-10-31 16:10:30 - Completed Error Event harvest - size: 1
[DEBUG] - 2019-10-31 16:10:30 - Completed Custom Event harvest - size: 51
[DEBUG] - 2019-10-31 16:10:30 - Completed Transaction Event harvest - size: 0
[DEBUG] - 2019-10-31 16:10:31 - Completed Span Event harvest - size: 0
[DEBUG] - 2019-10-31 16:11:29 - Completed Transaction Trace harvest - size: 0
[DEBUG] - 2019-10-31 16:11:29 - Completed Metric harvest - size: 11
[DEBUG] - 2019-10-31 16:11:30 - Completed Error Event harvest - size: 0
[DEBUG] - 2019-10-31 16:11:30 - Completed Error Trace harvest - size: 0
[DEBUG] - 2019-10-31 16:11:30 - Completed Span Event harvest - size: 0
[DEBUG] - 2019-10-31 16:11:30 - Completed Transaction Event harvest - size: 0
[DEBUG] - 2019-10-31 16:11:30 - Completed Custom Event harvest - size: 56
[INFO] - 2019-10-31 16:13:21 - Log File: /Users/ahsandar/gitlab/ultronex/tmp/new_relic.log
[INFO] - 2019-10-31 16:13:23 - Reporting to: https://rpm.newrelic.com/accounts/2425386/applications/440564920
[DEBUG] - 2019-10-31 16:14:21 - Completed Metric harvest - size: 2
[DEBUG] - 2019-10-31 16:14:21 - Completed Transaction Trace harvest - size: 0
[DEBUG] - 2019-10-31 16:14:21 - Completed Error Trace harvest - size: 0
[DEBUG] - 2019-10-31 16:14:22 - Completed Transaction Event harvest - size: 0
[DEBUG] - 2019-10-31 16:14:22 - Completed Custom Event harvest - size: 50
[DEBUG] - 2019-10-31 16:14:22 - Completed Error Event harvest - size: 0
[DEBUG] - 2019-10-31 16:14:22 - Completed Span Event harvest - size: 0
[INFO] - 2019-10-31 16:24:56 - Log File: /Users/ahsandar/gitlab/ultronex/tmp/new_relic.log
[INFO] - 2019-10-31 16:24:58 - Reporting to: https://rpm.newrelic.com/accounts/2425386/applications/440564920
[DEBUG] - 2019-10-31 16:25:56 - Completed Metric harvest - size: 2
[DEBUG] - 2019-10-31 16:25:56 - Completed Transaction Trace harvest - size: 0
[DEBUG] - 2019-10-31 16:25:57 - Completed Span Event harvest - size: 0
[DEBUG] - 2019-10-31 16:25:57 - Completed Custom Event harvest - size: 51
[DEBUG] - 2019-10-31 16:25:57 - Completed Error Trace harvest - size: 0
[DEBUG] - 2019-10-31 16:25:57 - Completed Error Event harvest - size: 0
[DEBUG] - 2019-10-31 16:25:57 - Completed Transaction Event harvest - size: 0
[INFO] - 2019-10-31 16:51:56 - Log File: /Users/ahsandar/gitlab/ultronex/tmp/new_relic.log
[INFO] - 2019-10-31 16:51:58 - Reporting to: https://rpm.newrelic.com/accounts/2425386/applications/440564920
[INFO] - 2019-11-01 10:13:58 - Log File: /Users/ahsandar/gitlab/ultronex/tmp/new_relic.log
[INFO] - 2019-11-01 10:14:00 - Reporting to: https://rpm.newrelic.com/accounts/2425386/applications/440564920
[DEBUG] - 2019-11-01 10:14:58 - Completed Transaction Trace harvest - size: 0
[DEBUG] - 2019-11-01 10:14:58 - Completed Error Trace harvest - size: 0
[DEBUG] - 2019-11-01 10:14:58 - Completed Error Event harvest - size: 0
[DEBUG] - 2019-11-01 10:14:59 - Completed Metric harvest - size: 13
[DEBUG] - 2019-11-01 10:14:59 - Completed Custom Event harvest - size: 55
[DEBUG] - 2019-11-01 10:14:59 - Completed Transaction Event harvest - size: 7
[DEBUG] - 2019-11-01 10:14:59 - Completed Span Event harvest - size: 7
[INFO] - 2019-11-01 10:15:16 - Log File: /Users/ahsandar/gitlab/ultronex/tmp/new_relic.log
[INFO] - 2019-11-01 10:15:18 - Reporting to: https://rpm.newrelic.com/accounts/2425386/applications/440564920
